This is pdfTeX, Version 3.14159265-2.6-1.40.21 (MiKTeX 2.9.7440 64-bit) (preloaded format=pdflatex 2020.5.23)  30 NOV 2020 14:29
entering extended mode
**"./CS 506 Final Project Writeup.tex"
("CS 506 Final Project Writeup.tex"
LaTeX2e <2020-02-02> patch level 5
L3 programming layer <2020-05-15>
(D:\Windows\Applications\MiKTeX\tex/latex/base\article.cls
Document Class: article 2019/12/20 v1.4l Standard LaTeX document class
(D:\Windows\Applications\MiKTeX\tex/latex/base\size10.clo
File: size10.clo 2019/12/20 v1.4l Standard LaTeX file (size option)
)
\c@part=\count167
\c@section=\count168
\c@subsection=\count169
\c@subsubsection=\count170
\c@paragraph=\count171
\c@subparagraph=\count172
\c@figure=\count173
\c@table=\count174
\abovecaptionskip=\skip47
\belowcaptionskip=\skip48
\bibindent=\dimen134
) (neurips_2020.sty
Package: neurips_2020 2020/01/31 NeurIPS 2020 submission/camera-ready style fil
e

(D:\Windows\Applications\MiKTeX\tex/latex/environ\environ.sty
Package: environ 2014/05/04 v0.3 A new way to define environments

(D:\Windows\Applications\MiKTeX\tex/latex/trimspaces\trimspaces.sty
Package: trimspaces 2009/09/17 v1.1 Trim spaces around a token list
)
\@envbody=\toks15
)
(D:\Windows\Applications\MiKTeX\tex/latex/natbib\natbib.sty
Package: natbib 2010/09/13 8.31b (PWD, AO)
\bibhang=\skip49
\bibsep=\skip50
LaTeX Info: Redefining \cite on input line 694.
\c@NAT@ctr=\count175
)
(D:\Windows\Applications\MiKTeX\tex/latex/geometry\geometry.sty
Package: geometry 2020/01/02 v5.9 Page Geometry

(D:\Windows\Applications\MiKTeX\tex/latex/graphics\keyval.sty
Package: keyval 2014/10/28 v1.15 key=value parser (DPC)
\KV@toks@=\toks16
)
(D:\Windows\Applications\MiKTeX\tex/generic/iftex\ifvtex.sty
Package: ifvtex 2019/10/25 v1.7 ifvtex legacy package. Use iftex instead.

(D:\Windows\Applications\MiKTeX\tex/generic/iftex\iftex.sty
Package: iftex 2020/03/06 v1.0d TeX engine tests
))
\Gm@cnth=\count176
\Gm@cntv=\count177
\c@Gm@tempcnt=\count178
\Gm@bindingoffset=\dimen135
\Gm@wd@mp=\dimen136
\Gm@odd@mp=\dimen137
\Gm@even@mp=\dimen138
\Gm@layoutwidth=\dimen139
\Gm@layoutheight=\dimen140
\Gm@layouthoffset=\dimen141
\Gm@layoutvoffset=\dimen142
\Gm@dimlist=\toks17

(D:\Windows\Applications\MiKTeX\tex/latex/geometry\geometry.cfg))
\@neuripsabovecaptionskip=\skip51
\@neuripsbelowcaptionskip=\skip52
)
(D:\Windows\Applications\MiKTeX\tex/latex/base\inputenc.sty
Package: inputenc 2018/08/11 v1.3c Input encoding file
\inpenc@prehook=\toks18
\inpenc@posthook=\toks19
)
(D:\Windows\Applications\MiKTeX\tex/latex/base\fontenc.sty
Package: fontenc 2020/02/11 v2.0o Standard LaTeX package
LaTeX Font Info:    Trying to load font information for T1+ptm on input line 11
2.

(D:\Windows\Applications\MiKTeX\tex/latex/psnfss\t1ptm.fd
File: t1ptm.fd 2001/06/04 font definitions for T1/ptm.
))
(D:\Windows\Applications\MiKTeX\tex/latex/hyperref\hyperref.sty
Package: hyperref 2020-05-15 v7.00e Hypertext links for LaTeX

(D:\Windows\Applications\MiKTeX\tex/generic/ltxcmds\ltxcmds.sty
Package: ltxcmds 2019/12/15 v1.24 LaTeX kernel commands for general use (HO)
)
(D:\Windows\Applications\MiKTeX\tex/latex/pdftexcmds\pdftexcmds.sty
Package: pdftexcmds 2019/11/24 v0.31 Utility functions of pdfTeX for LuaTeX (HO
)

(D:\Windows\Applications\MiKTeX\tex/generic/infwarerr\infwarerr.sty
Package: infwarerr 2019/12/03 v1.5 Providing info/warning/error messages (HO)
)
Package pdftexcmds Info: \pdf@primitive is available.
Package pdftexcmds Info: \pdf@ifprimitive is available.
Package pdftexcmds Info: \pdfdraftmode found.
)
(D:\Windows\Applications\MiKTeX\tex/generic/kvsetkeys\kvsetkeys.sty
Package: kvsetkeys 2019/12/15 v1.18 Key value parser (HO)
)
(D:\Windows\Applications\MiKTeX\tex/generic/kvdefinekeys\kvdefinekeys.sty
Package: kvdefinekeys 2019-12-19 v1.6 Define keys (HO)
)
(D:\Windows\Applications\MiKTeX\tex/generic/pdfescape\pdfescape.sty
Package: pdfescape 2019/12/09 v1.15 Implements pdfTeX's escape features (HO)
)
(D:\Windows\Applications\MiKTeX\tex/latex/hycolor\hycolor.sty
Package: hycolor 2020-01-27 v1.10 Color options for hyperref/bookmark (HO)
)
(D:\Windows\Applications\MiKTeX\tex/latex/letltxmacro\letltxmacro.sty
Package: letltxmacro 2019/12/03 v1.6 Let assignment for LaTeX macros (HO)
)
(D:\Windows\Applications\MiKTeX\tex/latex/auxhook\auxhook.sty
Package: auxhook 2019-12-17 v1.6 Hooks for auxiliary files (HO)
)
(D:\Windows\Applications\MiKTeX\tex/latex/kvoptions\kvoptions.sty
Package: kvoptions 2019/11/29 v3.13 Key value format for package options (HO)
)
\@linkdim=\dimen143
\Hy@linkcounter=\count179
\Hy@pagecounter=\count180

(D:\Windows\Applications\MiKTeX\tex/latex/hyperref\pd1enc.def
File: pd1enc.def 2020-05-15 v7.00e Hyperref: PDFDocEncoding definition (HO)
Now handling font encoding PD1 ...
... no UTF-8 mapping file for font encoding PD1
)
(D:\Windows\Applications\MiKTeX\tex/generic/intcalc\intcalc.sty
Package: intcalc 2019/12/15 v1.3 Expandable calculations with integers (HO)
)
(D:\Windows\Applications\MiKTeX\tex/generic/etexcmds\etexcmds.sty
Package: etexcmds 2019/12/15 v1.7 Avoid name clashes with e-TeX commands (HO)
)
\Hy@SavedSpaceFactor=\count181
Package hyperref Info: Hyper figures OFF on input line 4464.
Package hyperref Info: Link nesting OFF on input line 4469.
Package hyperref Info: Hyper index ON on input line 4472.
Package hyperref Info: Plain pages OFF on input line 4479.
Package hyperref Info: Backreferencing OFF on input line 4484.
Package hyperref Info: Implicit mode ON; LaTeX internals redefined.
Package hyperref Info: Bookmarks ON on input line 4717.
\c@Hy@tempcnt=\count182

(D:\Windows\Applications\MiKTeX\tex/latex/url\url.sty
\Urlmuskip=\muskip16
Package: url 2013/09/16  ver 3.4  Verb mode for urls, etc.
)
LaTeX Info: Redefining \url on input line 5076.
\XeTeXLinkMargin=\dimen144

(D:\Windows\Applications\MiKTeX\tex/generic/bitset\bitset.sty
Package: bitset 2019/12/09 v1.3 Handle bit-vector datatype (HO)

(D:\Windows\Applications\MiKTeX\tex/generic/bigintcalc\bigintcalc.sty
Package: bigintcalc 2019/12/15 v1.5 Expandable calculations on big integers (HO
)
))
\Fld@menulength=\count183
\Field@Width=\dimen145
\Fld@charsize=\dimen146
Package hyperref Info: Hyper figures OFF on input line 6347.
Package hyperref Info: Link nesting OFF on input line 6352.
Package hyperref Info: Hyper index ON on input line 6355.
Package hyperref Info: backreferencing OFF on input line 6362.
Package hyperref Info: Link coloring OFF on input line 6367.
Package hyperref Info: Link coloring with OCG OFF on input line 6372.
Package hyperref Info: PDF/A mode OFF on input line 6377.
LaTeX Info: Redefining \ref on input line 6417.
LaTeX Info: Redefining \pageref on input line 6421.

(D:\Windows\Applications\MiKTeX\tex/generic/atbegshi\atbegshi.sty
Package: atbegshi 2019/12/05 v1.19 At begin shipout hook (HO)
)
\Hy@abspage=\count184
\c@Item=\count185
\c@Hfootnote=\count186
)
Package hyperref Info: Driver (autodetected): hpdftex.

(D:\Windows\Applications\MiKTeX\tex/latex/hyperref\hpdftex.def
File: hpdftex.def 2020-05-15 v7.00e Hyperref driver for pdfTeX

(D:\Windows\Applications\MiKTeX\tex/latex/atveryend\atveryend.sty
Package: atveryend 2019-12-11 v1.11 Hooks at the very end of document (HO)
Package atveryend Info: \enddocument detected (standard20110627).
)
\Fld@listcount=\count187
\c@bookmark@seq@number=\count188

(D:\Windows\Applications\MiKTeX\tex/latex/rerunfilecheck\rerunfilecheck.sty
Package: rerunfilecheck 2019/12/05 v1.9 Rerun checks for auxiliary files (HO)

(D:\Windows\Applications\MiKTeX\tex/generic/uniquecounter\uniquecounter.sty
Package: uniquecounter 2019/12/15 v1.4 Provide unlimited unique counter (HO)
)
Package uniquecounter Info: New unique counter `rerunfilecheck' on input line 2
86.
)
\Hy@SectionHShift=\skip53
)
(D:\Windows\Applications\MiKTeX\tex/latex/booktabs\booktabs.sty
Package: booktabs 2020/01/12 v1.61803398 Publication quality tables
\heavyrulewidth=\dimen147
\lightrulewidth=\dimen148
\cmidrulewidth=\dimen149
\belowrulesep=\dimen150
\belowbottomsep=\dimen151
\aboverulesep=\dimen152
\abovetopsep=\dimen153
\cmidrulesep=\dimen154
\cmidrulekern=\dimen155
\defaultaddspace=\dimen156
\@cmidla=\count189
\@cmidlb=\count190
\@aboverulesep=\dimen157
\@belowrulesep=\dimen158
\@thisruleclass=\count191
\@lastruleclass=\count192
\@thisrulewidth=\dimen159
)
(D:\Windows\Applications\MiKTeX\tex/latex/amsfonts\amsfonts.sty
Package: amsfonts 2013/01/14 v3.01 Basic AMSFonts support
\@emptytoks=\toks20
\symAMSa=\mathgroup4
\symAMSb=\mathgroup5
LaTeX Font Info:    Redeclaring math symbol \hbar on input line 98.
LaTeX Font Info:    Overwriting math alphabet `\mathfrak' in version `bold'
(Font)                  U/euf/m/n --> U/euf/b/n on input line 106.
)
(D:\Windows\Applications\MiKTeX\tex/latex/units\nicefrac.sty
Package: nicefrac 1998/08/04 v0.9b Nice fractions
\L@UnitsRaiseDisplaystyle=\skip54
\L@UnitsRaiseTextstyle=\skip55
\L@UnitsRaiseScriptstyle=\skip56

(D:\Windows\Applications\MiKTeX\tex/latex/base\ifthen.sty
Package: ifthen 2014/09/29 v1.1c Standard LaTeX ifthen package (DPC)
))
(D:\Windows\Applications\MiKTeX\tex/latex/microtype\microtype.sty
Package: microtype 2019/11/18 v2.7d Micro-typographical refinements (RS)
\MT@toks=\toks21
\MT@count=\count193
LaTeX Info: Redefining \textls on input line 790.
\MT@outer@kern=\dimen160
LaTeX Info: Redefining \textmicrotypecontext on input line 1354.
\MT@listname@count=\count194

(D:\Windows\Applications\MiKTeX\tex/latex/microtype\microtype-pdftex.def
File: microtype-pdftex.def 2019/11/18 v2.7d Definitions specific to pdftex (RS)

LaTeX Info: Redefining \lsstyle on input line 914.
LaTeX Info: Redefining \lslig on input line 914.
\MT@outer@space=\skip57
)
Package microtype Info: Loading configuration file microtype.cfg.

(D:\Windows\Applications\MiKTeX\tex/latex/microtype\microtype.cfg
File: microtype.cfg 2019/11/18 v2.7d microtype main configuration file (RS)
))
(D:\Windows\Applications\MiKTeX\tex/latex/graphics\graphicx.sty
Package: graphicx 2019/11/30 v1.2a Enhanced LaTeX Graphics (DPC,SPQR)

(D:\Windows\Applications\MiKTeX\tex/latex/graphics\graphics.sty
Package: graphics 2019/11/30 v1.4a Standard LaTeX Graphics (DPC,SPQR)

(D:\Windows\Applications\MiKTeX\tex/latex/graphics\trig.sty
Package: trig 2016/01/03 v1.10 sin cos tan (DPC)
)
(D:\Windows\Applications\MiKTeX\tex/latex/graphics-cfg\graphics.cfg
File: graphics.cfg 2016/06/04 v1.11 sample graphics configuration
)
Package graphics Info: Driver file: pdftex.def on input line 105.

(D:\Windows\Applications\MiKTeX\tex/latex/graphics-def\pdftex.def
File: pdftex.def 2018/01/08 v1.0l Graphics/color driver for pdftex
))
\Gin@req@height=\dimen161
\Gin@req@width=\dimen162
)
(D:\Windows\Applications\MiKTeX\tex/latex/floatrow\floatrow.sty
Package: floatrow 2008/08/02 v0.3b floatrow: float package extension

(D:\Windows\Applications\MiKTeX\tex/latex/caption\caption3.sty
Package: caption3 2020/05/10 v1.11 caption3 kernel (AR)
Package caption3 Info: TeX engine: e-TeX on input line 61.
\captionmargin=\dimen163
\captionmargin@=\dimen164
\captionwidth=\dimen165
\caption@tempdima=\dimen166
\caption@indent=\dimen167
\caption@parindent=\dimen168
\caption@hangindent=\dimen169
Package caption Info: Standard document class detected.
)
\c@float@type=\count195
\float@exts=\toks22
\float@box=\box45
\@floatcapt=\box46
Package floatrow Info: Modified float package code loaded on input line 455.
Package floatrow Info: Modified rotfloat package code loaded on input line 473.

\FR@everyfloat=\toks23
\flrow@foot=\insert199
\FB@wd=\dimen170
\FBo@wd=\dimen171
\FBc@wd=\dimen172
\FBo@ht=\skip58
\FBc@ht=\skip59
\FBf@ht=\skip60
\FBo@max=\skip61
\FBc@max=\skip62
\FBf@max=\skip63
\c@FBl@b=\count196
\floatbox@depth=\count197
\c@FRobj=\count198
\c@FRsobj=\count266
\Xhsize=\skip64
\sXhsize=\skip65
\Zhsize=\skip66
\sZhsize=\skip67
\flrow@rowbox=\box47
\FR@Zunitlength=\dimen173
\c@FBcnt=\count267
\FPOScnt=\count268
\LTleft=\skip68
\LTright=\skip69
\LTleft=\skip70
\LTright=\skip71
\flrow@types=\toks24
)
(D:\Windows\Applications\MiKTeX\tex/latex/makecell\makecell.sty
Package: makecell 2009/08/03 V0.1e Managing of Tab Column Heads and Cells

(D:\Windows\Applications\MiKTeX\tex/latex/tools\array.sty
Package: array 2019/08/31 v2.4l Tabular extension package (FMi)
\col@sep=\dimen174
\ar@mcellbox=\box48
\extrarowheight=\dimen175
\NC@list=\toks25
\extratabsurround=\skip72
\backup@length=\skip73
\ar@cellbox=\box49
)
\rotheadsize=\dimen176
\c@nlinenum=\count269
\TeXr@lab=\toks26
)
(D:\Windows\Applications\MiKTeX\tex/latex/l3backend\l3backend-pdfmode.def
File: l3backend-pdfmode.def 2020-05-05 L3 backend support: PDF mode
\l__kernel_color_stack_int=\count270
\l__pdf_internal_box=\box50
)
("CS 506 Final Project Writeup.aux")
\openout1 = `"CS 506 Final Project Writeup.aux"'.

LaTeX Font Info:    Checking defaults for OML/cmm/m/it on input line 74.
LaTeX Font Info:    ... okay on input line 74.
LaTeX Font Info:    Checking defaults for OMS/cmsy/m/n on input line 74.
LaTeX Font Info:    ... okay on input line 74.
LaTeX Font Info:    Checking defaults for OT1/cmr/m/n on input line 74.
LaTeX Font Info:    ... okay on input line 74.
LaTeX Font Info:    Checking defaults for T1/cmr/m/n on input line 74.
LaTeX Font Info:    ... okay on input line 74.
LaTeX Font Info:    Checking defaults for TS1/cmr/m/n on input line 74.
LaTeX Font Info:    ... okay on input line 74.
LaTeX Font Info:    Checking defaults for OMX/cmex/m/n on input line 74.
LaTeX Font Info:    ... okay on input line 74.
LaTeX Font Info:    Checking defaults for U/cmr/m/n on input line 74.
LaTeX Font Info:    ... okay on input line 74.
LaTeX Font Info:    Checking defaults for PD1/pdf/m/n on input line 74.
LaTeX Font Info:    ... okay on input line 74.

*geometry* driver: auto-detecting
*geometry* detected driver: pdftex
*geometry* verbose mode - [ preamble ] result:
* driver: pdftex
* paper: letterpaper
* layout: <same size as paper>
* layoutoffset:(h,v)=(0.0pt,0.0pt)
* modes: 
* h-part:(L,W,R)=(92.14519pt, 430.00462pt, 92.14519pt)
* v-part:(T,H,B)=(95.39737pt, 556.47656pt, 143.09605pt)
* \paperwidth=614.295pt
* \paperheight=794.96999pt
* \textwidth=430.00462pt
* \textheight=556.47656pt
* \oddsidemargin=19.8752pt
* \evensidemargin=19.8752pt
* \topmargin=-13.87262pt
* \headheight=12.0pt
* \headsep=25.0pt
* \topskip=10.0pt
* \footskip=30.0pt
* \marginparwidth=65.0pt
* \marginparsep=11.0pt
* \columnsep=10.0pt
* \skip\footins=9.0pt plus 4.0pt minus 2.0pt
* \hoffset=0.0pt
* \voffset=0.0pt
* \mag=1000
* \@twocolumnfalse
* \@twosidefalse
* \@mparswitchfalse
* \@reversemarginfalse
* (1in=72.27pt=25.4mm, 1cm=28.453pt)

*geometry* verbose mode - [ newgeometry ] result:
* driver: pdftex
* paper: letterpaper
* layout: <same size as paper>
* layoutoffset:(h,v)=(0.0pt,0.0pt)
* modes: 
* h-part:(L,W,R)=(108.405pt, 397.48499pt, 108.40501pt)
* v-part:(T,H,B)=(72.26999pt, 650.43pt, 72.27pt)
* \paperwidth=614.295pt
* \paperheight=794.96999pt
* \textwidth=397.48499pt
* \textheight=650.43pt
* \oddsidemargin=36.13501pt
* \evensidemargin=36.13501pt
* \topmargin=-37.0pt
* \headheight=12.0pt
* \headsep=25.0pt
* \topskip=10.0pt
* \footskip=30.0pt
* \marginparwidth=65.0pt
* \marginparsep=11.0pt
* \columnsep=10.0pt
* \skip\footins=9.0pt plus 4.0pt minus 2.0pt
* \hoffset=0.0pt
* \voffset=0.0pt
* \mag=1000
* \@twocolumnfalse
* \@twosidefalse
* \@mparswitchfalse
* \@reversemarginfalse
* (1in=72.27pt=25.4mm, 1cm=28.453pt)

\AtBeginShipoutBox=\box51
Package hyperref Info: Link coloring OFF on input line 74.
(D:\Windows\Applications\MiKTeX\tex/latex/hyperref\nameref.sty
Package: nameref 2019/09/16 v2.46 Cross-referencing by name of section

(D:\Windows\Applications\MiKTeX\tex/latex/refcount\refcount.sty
Package: refcount 2019/12/15 v3.6 Data extraction from label references (HO)
)
(D:\Windows\Applications\MiKTeX\tex/generic/gettitlestring\gettitlestring.sty
Package: gettitlestring 2019/12/15 v1.6 Cleanup title references (HO)
)
\c@section@level=\count271
)
LaTeX Info: Redefining \ref on input line 74.
LaTeX Info: Redefining \pageref on input line 74.
LaTeX Info: Redefining \nameref on input line 74.
("CS 506 Final Project Writeup.out") ("CS 506 Final Project Writeup.out")
\@outlinefile=\write3
\openout3 = `"CS 506 Final Project Writeup.out"'.

LaTeX Info: Redefining \microtypecontext on input line 74.
Package microtype Info: Generating PDF output.
Package microtype Info: Character protrusion enabled (level 2).
Package microtype Info: Using default protrusion set `alltext'.
Package microtype Info: Automatic font expansion enabled (level 2),
(microtype)             stretch: 20, shrink: 20, step: 1, non-selected.
Package microtype Info: Using default expansion set `basictext'.
LaTeX Info: Redefining \showhyphens on input line 74.
Package microtype Info: No adjustment of tracking.
Package microtype Info: No adjustment of interword spacing.
Package microtype Info: No adjustment of character kerning.

(D:\Windows\Applications\MiKTeX\tex/latex/microtype\mt-ptm.cfg
File: mt-ptm.cfg 2006/04/20 v1.7 microtype config. file: Times (RS)
)
(D:\Windows\Applications\MiKTeX\tex/context/base/mkii\supp-pdf.mkii
[Loading MPS to PDF converter (version 2006.09.02).]
\scratchcounter=\count272
\scratchdimen=\dimen177
\scratchbox=\box52
\nofMPsegments=\count273
\nofMParguments=\count274
\everyMPshowfont=\toks27
\MPscratchCnt=\count275
\MPscratchDim=\dimen178
\MPnumerator=\count276
\makeMPintoPDFobject=\count277
\everyMPtoPDFconversion=\toks28
) (D:\Windows\Applications\MiKTeX\tex/latex/epstopdf-pkg\epstopdf-base.sty
Package: epstopdf-base 2020-01-24 v2.11 Base part for package epstopdf
Package epstopdf-base Info: Redefining graphics rule for `.eps' on input line 4
85.
)
Package caption Info: Begin \AtBeginDocument code.
Package caption Info: End \AtBeginDocument code.

(D:\Windows\Applications\MiKTeX\tex/latex/graphics\color.sty
Package: color 2019/11/23 v1.2a Standard LaTeX Color (DPC)

(D:\Windows\Applications\MiKTeX\tex/latex/graphics-cfg\color.cfg
File: color.cfg 2016/01/02 v1.6 sample color configuration
)
Package color Info: Driver file: pdftex.def on input line 147.
)
(D:\Windows\Applications\MiKTeX\tex/latex/microtype\mt-cmr.cfg
File: mt-cmr.cfg 2013/05/19 v2.2 microtype config. file: Computer Modern Roman 
(RS)
)
LaTeX Font Info:    Trying to load font information for U+msa on input line 77.


(D:\Windows\Applications\MiKTeX\tex/latex/amsfonts\umsa.fd
File: umsa.fd 2013/01/14 v3.01 AMS symbols A
)
(D:\Windows\Applications\MiKTeX\tex/latex/microtype\mt-msa.cfg
File: mt-msa.cfg 2006/02/04 v1.1 microtype config. file: AMS symbols (a) (RS)
)
LaTeX Font Info:    Trying to load font information for U+msb on input line 77.


(D:\Windows\Applications\MiKTeX\tex/latex/amsfonts\umsb.fd
File: umsb.fd 2013/01/14 v3.01 AMS symbols B
)
(D:\Windows\Applications\MiKTeX\tex/latex/microtype\mt-msb.cfg
File: mt-msb.cfg 2005/06/01 v1.0 microtype config. file: AMS symbols (b) (RS)
)
LaTeX Font Info:    Trying to load font information for T1+cmtt on input line 7
7.

(D:\Windows\Applications\MiKTeX\tex/latex/base\t1cmtt.fd
File: t1cmtt.fd 2019/12/16 v2.5j Standard LaTeX font definitions
)
Package microtype Info: Loading generic protrusion settings for font family
(microtype)             `cmtt' (encoding: T1).
(microtype)             For optimal results, create family-specific settings.
(microtype)             See the microtype manual for details.
<meanIssuanceByYear.png, id=3, 1084.05pt x 722.7pt>
File: meanIssuanceByYear.png Graphic file (type png)
<use meanIssuanceByYear.png>
Package pdftex.def Info: meanIssuanceByYear.png  used on input line 89.
(pdftex.def)             Requested size: 325.21751pt x 216.81166pt.
 [1


{C:/Users/bishj/AppData/Local/MiKTeX/2.9/pdftex/config/pdftex.map} <./meanIssua
nceByYear.png>]

Package hyperref Warning: Suppressing empty link on input line 113.


Package hyperref Warning: Suppressing empty link on input line 117.


Underfull \vbox (badness 1242) has occurred while \output is active []

 [2]
Overfull \hbox (59.1535pt too wide) in paragraph at lines 179--179
[]\T1/cmtt/m/n/10 =============================================================
==========================[] 
 []


Overfull \hbox (59.1535pt too wide) in paragraph at lines 179--179
[]\T1/cmtt/m/n/10 Dep. Variable:                  Price   R-squared (uncentered
):                   0.829[] 
 []


Overfull \hbox (59.1535pt too wide) in paragraph at lines 179--179
[]\T1/cmtt/m/n/10 Model:                            GLS   Adj. R-squared (uncen
tered):              0.712[] 
 []


Overfull \hbox (59.1535pt too wide) in paragraph at lines 179--179
[]\T1/cmtt/m/n/10 Method:                 Least Squares   F-statistic:         
                     7.076[] 
 []


Overfull \hbox (59.1535pt too wide) in paragraph at lines 179--179
[]\T1/cmtt/m/n/10 Date:                Fri, 27 Nov 2020   Prob (F-statistic):  
                  8.33e-05[] 
 []


Overfull \hbox (58.89107pt too wide) in paragraph at lines 179--179
[]\T1/cmtt/m/n/10 Time:                        09:44:51   Log-Likelihood:      
                    179.65[] 
 []


Overfull \hbox (59.1535pt too wide) in paragraph at lines 179--179
[]\T1/cmtt/m/n/10 No. Observations:                  32   AIC:                 
                    -333.3[] 
 []


Overfull \hbox (59.1535pt too wide) in paragraph at lines 179--179
[]\T1/cmtt/m/n/10 Df Residuals:                      19   BIC:                 
                    -314.3[] 
 []


Overfull \hbox (11.91504pt too wide) in paragraph at lines 179--179
[]\T1/cmtt/m/n/10 =============================================================
=================[] 
 []


Overfull \hbox (11.91504pt too wide) in paragraph at lines 179--179
[]                 \T1/cmtt/m/n/10 coef    std err          t      P>|t|      [
0.025      0.975][] 
 []


Overfull \hbox (6.66632pt too wide) in paragraph at lines 179--179
[]\T1/cmtt/m/n/10 -------------------------------------------------------------
-----------------[] 
 []


Overfull \hbox (11.6526pt too wide) in paragraph at lines 179--179
[]\T1/cmtt/m/n/10 WAC           -0.0247      0.016     -1.564      0.134      -
0.058       0.008[] 
 []


Overfull \hbox (11.6526pt too wide) in paragraph at lines 179--179
[]\T1/cmtt/m/n/10 WAM            0.0027      0.001      2.775      0.012       
0.001       0.005[] 
 []


Overfull \hbox (11.6526pt too wide) in paragraph at lines 179--179
[]\T1/cmtt/m/n/10 WALA           0.0029      0.002      1.331      0.199      -
0.002       0.008[] 
 []


Overfull \hbox (11.6526pt too wide) in paragraph at lines 179--179
[]\T1/cmtt/m/n/10 Balance       1.9e-12   4.49e-11      0.042      0.967    -9.
2e-11    9.58e-11[] 
 []


Overfull \hbox (11.91504pt too wide) in paragraph at lines 179--179
[]\T1/cmtt/m/n/10 Principal   -8.48e-11   1.64e-10     -0.519      0.610   -4.2
7e-10    2.57e-10[] 
 []


Overfull \hbox (11.91504pt too wide) in paragraph at lines 179--179
[]\T1/cmtt/m/n/10 DGS1           0.0020      0.011      0.178      0.861      -
0.022       0.026[] 
 []


Overfull \hbox (11.91504pt too wide) in paragraph at lines 179--179
[]\T1/cmtt/m/n/10 DGS2          -0.0182      0.055     -0.333      0.742      -
0.133       0.096[] 
 []


Overfull \hbox (11.6526pt too wide) in paragraph at lines 179--179
[]\T1/cmtt/m/n/10 DGS3           0.0095      0.069      0.137      0.892      -
0.135       0.154[] 
 []


Overfull \hbox (11.91504pt too wide) in paragraph at lines 179--179
[]\T1/cmtt/m/n/10 DGS5           0.0032      0.041      0.077      0.940      -
0.083       0.089[] 
 []


Overfull \hbox (11.91504pt too wide) in paragraph at lines 179--179
[]\T1/cmtt/m/n/10 DGS7          -0.0159      0.033     -0.483      0.635      -
0.085       0.053[] 
 []


Overfull \hbox (11.6526pt too wide) in paragraph at lines 179--179
[]\T1/cmtt/m/n/10 DGS10          0.0405      0.024      1.690      0.107      -
0.010       0.091[] 
 []


Overfull \hbox (11.91504pt too wide) in paragraph at lines 179--179
[]\T1/cmtt/m/n/10 DGS20         -0.0339      0.030     -1.139      0.269      -
0.096       0.028[] 
 []


Overfull \hbox (11.91504pt too wide) in paragraph at lines 179--179
[]\T1/cmtt/m/n/10 DGS30          0.0139      0.022      0.624      0.540      -
0.033       0.060[] 
 []


Overfull \hbox (11.91504pt too wide) in paragraph at lines 179--179
[]\T1/cmtt/m/n/10 =============================================================
=================[] 
 []


Overfull \hbox (11.6526pt too wide) in paragraph at lines 179--179
[]\T1/cmtt/m/n/10 Omnibus:                        1.544   Durbin-Watson:       
            2.084[] 
 []


Overfull \hbox (11.91504pt too wide) in paragraph at lines 179--179
[]\T1/cmtt/m/n/10 Prob(Omnibus):                  0.462   Jarque-Bera (JB):    
            1.018[] 
 []


Overfull \hbox (11.6526pt too wide) in paragraph at lines 179--179
[]\T1/cmtt/m/n/10 Skew:                          -0.437   Prob(JB):            
            0.601[] 
 []


Overfull \hbox (11.6526pt too wide) in paragraph at lines 179--179
[]\T1/cmtt/m/n/10 Kurtosis:                       2.987   Cond. No.            
         4.15e+11[] 
 []


Overfull \hbox (11.91504pt too wide) in paragraph at lines 179--179
[]\T1/cmtt/m/n/10 =============================================================
=================[] 
 []

[3]
Overfull \hbox (59.1535pt too wide) in paragraph at lines 223--223
[]\T1/cmtt/m/n/10 =============================================================
==========================[] 
 []


Overfull \hbox (58.89107pt too wide) in paragraph at lines 223--223
[]\T1/cmtt/m/n/10 Dep. Variable:                  Price   R-squared (uncentered
):                   0.804[] 
 []


Overfull \hbox (58.89107pt too wide) in paragraph at lines 223--223
[]\T1/cmtt/m/n/10 Model:                            GLS   Adj. R-squared (uncen
tered):              0.544[] 
 []


Overfull \hbox (58.89107pt too wide) in paragraph at lines 223--223
[]\T1/cmtt/m/n/10 Method:                 Least Squares   F-statistic:         
                     3.084[] 
 []


Overfull \hbox (58.89107pt too wide) in paragraph at lines 223--223
[]\T1/cmtt/m/n/10 Date:                Fri, 27 Nov 2020   Prob (F-statistic):  
                    0.0271[] 
 []


Overfull \hbox (58.89107pt too wide) in paragraph at lines 223--223
[]\T1/cmtt/m/n/10 Time:                        09:44:51   Log-Likelihood:      
                    181.82[] 
 []


Overfull \hbox (59.1535pt too wide) in paragraph at lines 223--223
[]\T1/cmtt/m/n/10 No. Observations:                  28   AIC:                 
                    -331.6[] 
 []


Overfull \hbox (59.1535pt too wide) in paragraph at lines 223--223
[]\T1/cmtt/m/n/10 Df Residuals:                      12   BIC:                 
                    -310.3[] 
 []


Overfull \hbox (32.90991pt too wide) in paragraph at lines 223--223
[]\T1/cmtt/m/n/10 =============================================================
=====================[] 
 []


Overfull \hbox (32.90991pt too wide) in paragraph at lines 223--223
[]                     \T1/cmtt/m/n/10 coef    std err          t      P>|t|   
   [0.025      0.975][] 
 []


Overfull \hbox (27.6612pt too wide) in paragraph at lines 223--223
[]\T1/cmtt/m/n/10 -------------------------------------------------------------
---------------------[] 
 []


Overfull \hbox (32.64748pt too wide) in paragraph at lines 223--223
[]\T1/cmtt/m/n/10 ExcessSpread3M    -0.0004      0.001     -0.566      0.582   
   -0.002       0.001[] 
 []


Overfull \hbox (32.64748pt too wide) in paragraph at lines 223--223
[]\T1/cmtt/m/n/10 ExcessSpread1M  3.192e-05      0.001      0.053      0.959   
   -0.001       0.001[] 
 []


Overfull \hbox (32.90991pt too wide) in paragraph at lines 223--223
[]\T1/cmtt/m/n/10 Mth Pay Rate    2.215e-05      0.000      0.141      0.891   
   -0.000       0.000[] 
 []


Overfull \hbox (32.64748pt too wide) in paragraph at lines 223--223
[]\T1/cmtt/m/n/10 Port Yld           0.0002      0.000      0.473      0.645   
   -0.001       0.001[] 
 []


Overfull \hbox (32.90991pt too wide) in paragraph at lines 223--223
[]\T1/cmtt/m/n/10 Chg Offs       -7.907e-05      0.001     -0.061      0.952   
   -0.003       0.003[] 
 []


Overfull \hbox (32.90991pt too wide) in paragraph at lines 223--223
[]\T1/cmtt/m/n/10 30                -0.0128      0.011     -1.206      0.251   
   -0.036       0.010[] 
 []


Overfull \hbox (32.90991pt too wide) in paragraph at lines 223--223
[]\T1/cmtt/m/n/10 60                 0.0036      0.016      0.229      0.822   
   -0.031       0.038[] 
 []


Overfull \hbox (32.90991pt too wide) in paragraph at lines 223--223
[]\T1/cmtt/m/n/10 del90Plus          0.0063      0.008      0.825      0.426   
   -0.010       0.023[] 
 []


Overfull \hbox (32.90991pt too wide) in paragraph at lines 223--223
[]\T1/cmtt/m/n/10 DGS1               0.0022      0.009      0.244      0.811   
   -0.018       0.022[] 
 []


Overfull \hbox (32.90991pt too wide) in paragraph at lines 223--223
[]\T1/cmtt/m/n/10 DGS2              -0.0262      0.037     -0.701      0.497   
   -0.108       0.055[] 
 []


Overfull \hbox (32.90991pt too wide) in paragraph at lines 223--223
[]\T1/cmtt/m/n/10 DGS3               0.0288      0.050      0.576      0.575   
   -0.080       0.138[] 
 []


Overfull \hbox (32.90991pt too wide) in paragraph at lines 223--223
[]\T1/cmtt/m/n/10 DGS5               0.0130      0.027      0.476      0.643   
   -0.047       0.073[] 
 []


Overfull \hbox (32.90991pt too wide) in paragraph at lines 223--223
[]\T1/cmtt/m/n/10 DGS7              -0.0217      0.031     -0.705      0.494   
   -0.089       0.045[] 
 []


Overfull \hbox (32.90991pt too wide) in paragraph at lines 223--223
[]\T1/cmtt/m/n/10 DGS10              0.0002      0.021      0.009      0.993   
   -0.045       0.046[] 
 []


Overfull \hbox (32.64748pt too wide) in paragraph at lines 223--223
[]\T1/cmtt/m/n/10 DGS20             -0.0015      0.019     -0.075      0.941   
   -0.044       0.041[] 
 []


Overfull \hbox (32.64748pt too wide) in paragraph at lines 223--223
[]\T1/cmtt/m/n/10 DGS30              0.0054      0.021      0.262      0.798   
   -0.040       0.051[] 
 []


Overfull \hbox (11.91504pt too wide) in paragraph at lines 223--223
[]\T1/cmtt/m/n/10 =============================================================
=================[] 
 []


Overfull \hbox (11.91504pt too wide) in paragraph at lines 223--223
[]\T1/cmtt/m/n/10 Omnibus:                       14.666   Durbin-Watson:       
            2.219[] 
 []


Overfull \hbox (11.91504pt too wide) in paragraph at lines 223--223
[]\T1/cmtt/m/n/10 Prob(Omnibus):                  0.001   Jarque-Bera (JB):    
           26.520[] 
 []


Overfull \hbox (11.91504pt too wide) in paragraph at lines 223--223
[]\T1/cmtt/m/n/10 Skew:                           0.924   Prob(JB):            
         1.74e-06[] 
 []


Overfull \hbox (11.6526pt too wide) in paragraph at lines 223--223
[]\T1/cmtt/m/n/10 Kurtosis:                       7.395   Cond. No.            
         4.49e+04[] 
 []


Overfull \hbox (11.91504pt too wide) in paragraph at lines 223--223
[]\T1/cmtt/m/n/10 =============================================================
=================[] 
 []


Package hyperref Warning: Suppressing empty link on input line 237.


Underfull \vbox (badness 10000) has occurred while \output is active []

 [4]

LaTeX Warning: `h' float specifier changed to `ht'.


LaTeX Warning: `h' float specifier changed to `ht'.


LaTeX Warning: `h' float specifier changed to `ht'.

<TRACECorrelationMatrix.png, id=36, 1806.75pt x 1806.75pt>
File: TRACECorrelationMatrix.png Graphic file (type png)
<use TRACECorrelationMatrix.png>
Package pdftex.def Info: TRACECorrelationMatrix.png  used on input line 361.
(pdftex.def)             Requested size: 361.3436pt x 361.3436pt.
[5] ("CS 506 Final Project Writeup.bbl"

Package natbib Warning: Empty `thebibliography' environment on input line 3.

)
Package atveryend Info: Empty hook `BeforeClearDocument' on input line 373.
 [6] [7 <./TRACECorrelationMatrix.png>]
Package atveryend Info: Empty hook `AfterLastShipout' on input line 373.
 ("CS 506 Final Project Writeup.aux")
Package atveryend Info: Executing hook `AtVeryEndDocument' on input line 373.
Package atveryend Info: Executing hook `AtEndAfterFileList' on input line 373.
Package rerunfilecheck Info: File `"CS 506 Final Project Writeup".out' has not 
changed.
(rerunfilecheck)             Checksum: D41D8CD98F00B204E9800998ECF8427E;0.
Package atveryend Info: Empty hook `AtVeryVeryEnd' on input line 373.
 ) 
Here is how much of TeX's memory you used:
 9714 strings out of 480799
 154575 string characters out of 2904168
 462696 words of memory out of 3000000
 25439 multiletter control sequences out of 15000+200000
 557583 words of font info for 103 fonts, out of 3000000 for 9000
 1141 hyphenation exceptions out of 8191
 39i,13n,43p,952b,462s stack positions out of 5000i,500n,10000p,200000b,50000s
 <C:\Users\bishj\AppData\Local\MiKTeX\2.9\fonts/pk/ljfour/jknappen/ec/dpi600\
ectt1000.pk>{D:/Windows/Applications/MiKTeX/fonts/enc/dvips/base/8r.enc}<D:/Win
dows/Applications/MiKTeX/fonts/type1/public/amsfonts/cm/cmmi10.pfb><D:/Windows/
Applications/MiKTeX/fonts/type1/public/amsfonts/cm/cmr10.pfb><D:/Windows/Applic
ations/MiKTeX/fonts/type1/urw/times/utmb8a.pfb><D:/Windows/Applications/MiKTeX/
fonts/type1/urw/times/utmr8a.pfb>
Output written on "CS 506 Final Project Writeup.pdf" (7 pages, 494360 bytes).
PDF statistics:
 155 PDF objects out of 1000 (max. 8388607)
 23 named destinations out of 1000 (max. 500000)
 15371 words of extra memory for PDF output out of 17280 (max. 10000000)

